app/build/intermediates/manifest_merge_blame_file/debug/processDebugMainManifest/manifest-merger-blame-debug-report.txt
1<?xml version="1.0" encoding="utf-8"?>
2<!--
3    Manifest exclusivo do build DEBUG.
4    Adiciona intent-filter LAUNCHER para que o Android Studio consiga rodar o app diretamente.
5    No build RELEASE este arquivo não existe, então o ícone permanece oculto no dispositivo.
6-->
7<manifest xmlns:android="http://schemas.android.com/apk/res/android"
8    package="com.entrada.fornecimento"
9    android:versionCode="1"
10    android:versionName="1.0" >
11
12    <uses-sdk
12-->INJECTED
13        android:minSdkVersion="24"
13-->INJECTED
14        android:targetSdkVersion="36" />
14-->INJECTED
15
16    <uses-permission android:name="android.permission.INTERNET" />
16-->src\main\AndroidManifest.xml:4:5-67
16-->src\main\AndroidManifest.xml:4:22-64
17    <uses-permission android:name="android.permission.ACCESS_NETWORK_STATE" />
17-->src\main\AndroidManifest.xml:5:5-79
17-->src\main\AndroidManifest.xml:5:22-76
18
19    <permission
19-->[androidx.core:core:1.18.0] AndroidManifest.xml:22:5-24:47
20        android:name="com.entrada.fornecimento.DYNAMIC_RECEIVER_NOT_EXPORTED_PERMISSION"
20-->[androidx.core:core:1.18.0] AndroidManifest.xml:23:9-81
21        android:protectionLevel="signature" />
21-->[androidx.core:core:1.18.0] AndroidManifest.xml:24:9-44
22
23    <uses-permission android:name="com.entrada.fornecimento.DYNAMIC_RECEIVER_NOT_EXPORTED_PERMISSION" />
23-->[androidx.core:core:1.18.0] AndroidManifest.xml:26:5-97
23-->[androidx.core:core:1.18.0] AndroidManifest.xml:26:22-94
24
25    <application
25-->src\main\AndroidManifest.xml:7:5-24:19
26        android:allowBackup="false"
26-->src\main\AndroidManifest.xml:8:9-36
27        android:appComponentFactory="androidx.core.app.CoreComponentFactory"
27-->[androidx.core:core:1.18.0] AndroidManifest.xml:28:18-86
28        android:debuggable="true"
29        android:extractNativeLibs="false"
29-->INJECTED
30        android:label="@string/app_name"
30-->src\main\AndroidManifest.xml:9:9-41
31        android:supportsRtl="true"
31-->src\main\AndroidManifest.xml:10:9-35
32        android:testOnly="true"
33        android:theme="@style/Theme.EntradaFornecimento"
33-->src\main\AndroidManifest.xml:11:9-57
34        android:usesCleartextTraffic="true" >
34-->src\main\AndroidManifest.xml:12:9-44
35        <activity
35-->src\main\AndroidManifest.xml:18:9-22:64
36            android:name="com.entrada.fornecimento.MainActivity"
36-->src\main\AndroidManifest.xml:19:13-41
37            android:exported="true"
37-->src\main\AndroidManifest.xml:20:13-36
38            android:label="@string/app_name"
38-->src\main\AndroidManifest.xml:21:13-45
39            android:theme="@style/Theme.EntradaFornecimento" >
39-->src\main\AndroidManifest.xml:22:13-61
40            <intent-filter>
40-->src\debug\AndroidManifest.xml:10:13-13:29
41                <action android:name="android.intent.action.MAIN" />
41-->src\debug\AndroidManifest.xml:11:17-69
41-->src\debug\AndroidManifest.xml:11:25-66
42
43                <category android:name="android.intent.category.LAUNCHER" />
43-->src\debug\AndroidManifest.xml:12:17-77
43-->src\debug\AndroidManifest.xml:12:27-74
44            </intent-filter>
45        </activity>
46        <activity
46-->[androidx.compose.ui:ui-tooling-android:1.10.4] AndroidManifest.xml:23:9-25:39
47            android:name="androidx.compose.ui.tooling.PreviewActivity"
47-->[androidx.compose.ui:ui-tooling-android:1.10.4] AndroidManifest.xml:24:13-71
48            android:exported="true" />
48-->[androidx.compose.ui:ui-tooling-android:1.10.4] AndroidManifest.xml:25:13-36
49        <activity
49-->[androidx.compose.ui:ui-test-manifest:1.10.4] AndroidManifest.xml:23:9-26:79
50            android:name="androidx.activity.ComponentActivity"
50-->[androidx.compose.ui:ui-test-manifest:1.10.4] AndroidManifest.xml:24:13-63
51            android:exported="true"
51-->[androidx.compose.ui:ui-test-manifest:1.10.4] AndroidManifest.xml:25:13-36
52            android:theme="@android:style/Theme.Material.Light.NoActionBar" />
52-->[androidx.compose.ui:ui-test-manifest:1.10.4] AndroidManifest.xml:26:13-76
53
54        <uses-library
54-->[androidx.window:window:1.5.0] AndroidManifest.xml:23:9-25:40
55            android:name="androidx.window.extensions"
55-->[androidx.window:window:1.5.0] AndroidManifest.xml:24:13-54
56            android:required="false" />
56-->[androidx.window:window:1.5.0] AndroidManifest.xml:25:13-37
57        <uses-library
57-->[androidx.window:window:1.5.0] AndroidManifest.xml:26:9-28:40
58            android:name="androidx.window.sidecar"
58-->[androidx.window:window:1.5.0] AndroidManifest.xml:27:13-51
59            android:required="false" />
59-->[androidx.window:window:1.5.0] AndroidManifest.xml:28:13-37
60
61        <provider
61-->[androidx.emoji2:emoji2:1.4.0] AndroidManifest.xml:24:9-32:20
62            android:name="androidx.startup.InitializationProvider"
62-->[androidx.emoji2:emoji2:1.4.0] AndroidManifest.xml:25:13-67
63            android:authorities="com.entrada.fornecimento.androidx-startup"
63-->[androidx.emoji2:emoji2:1.4.0] AndroidManifest.xml:26:13-68
64            android:exported="false" >
64-->[androidx.emoji2:emoji2:1.4.0] AndroidManifest.xml:27:13-37
65            <meta-data
65-->[androidx.emoji2:emoji2:1.4.0] AndroidManifest.xml:29:13-31:52
66                android:name="androidx.emoji2.text.EmojiCompatInitializer"
66-->[androidx.emoji2:emoji2:1.4.0] AndroidManifest.xml:30:17-75
67                android:value="androidx.startup" />
67-->[androidx.emoji2:emoji2:1.4.0] AndroidManifest.xml:31:17-49
68            <meta-data
68-->[androidx.lifecycle:lifecycle-process:2.10.0] AndroidManifest.xml:29:13-31:52
69                android:name="androidx.lifecycle.ProcessLifecycleInitializer"
69-->[androidx.lifecycle:lifecycle-process:2.10.0] AndroidManifest.xml:30:17-78
70                android:value="androidx.startup" />
70-->[androidx.lifecycle:lifecycle-process:2.10.0] AndroidManifest.xml:31:17-49
71            <meta-data
71-->[androidx.profileinstaller:profileinstaller:1.4.0] AndroidManifest.xml:29:13-31:52
72                android:name="androidx.profileinstaller.ProfileInstallerInitializer"
72-->[androidx.profileinstaller:profileinstaller:1.4.0] AndroidManifest.xml:30:17-85
73                android:value="androidx.startup" />
73-->[androidx.profileinstaller:profileinstaller:1.4.0] AndroidManifest.xml:31:17-49
74        </provider>
75
76        <receiver
76-->[androidx.profileinstaller:profileinstaller:1.4.0] AndroidManifest.xml:34:9-52:20
77            android:name="androidx.profileinstaller.ProfileInstallReceiver"
77-->[androidx.profileinstaller:profileinstaller:1.4.0] AndroidManifest.xml:35:13-76
78            android:directBootAware="false"
78-->[androidx.profileinstaller:profileinstaller:1.4.0] AndroidManifest.xml:36:13-44
79            android:enabled="true"
79-->[androidx.profileinstaller:profileinstaller:1.4.0] AndroidManifest.xml:37:13-35
80            android:exported="true"
80-->[androidx.profileinstaller:profileinstaller:1.4.0] AndroidManifest.xml:38:13-36
81            android:permission="android.permission.DUMP" >
81-->[androidx.profileinstaller:profileinstaller:1.4.0] AndroidManifest.xml:39:13-57
82            <intent-filter>
82-->[androidx.profileinstaller:profileinstaller:1.4.0] AndroidManifest.xml:40:13-42:29
83                <action android:name="androidx.profileinstaller.action.INSTALL_PROFILE" />
83-->[androidx.profileinstaller:profileinstaller:1.4.0] AndroidManifest.xml:41:17-91
83-->[androidx.profileinstaller:profileinstaller:1.4.0] AndroidManifest.xml:41:25-88
84            </intent-filter>
85            <intent-filter>
85-->[androidx.profileinstaller:profileinstaller:1.4.0] AndroidManifest.xml:43:13-45:29
86                <action android:name="androidx.profileinstaller.action.SKIP_FILE" />
86-->[androidx.profileinstaller:profileinstaller:1.4.0] AndroidManifest.xml:44:17-85
86-->[androidx.profileinstaller:profileinstaller:1.4.0] AndroidManifest.xml:44:25-82
87            </intent-filter>
88            <intent-filter>
88-->[androidx.profileinstaller:profileinstaller:1.4.0] AndroidManifest.xml:46:13-48:29
89                <action android:name="androidx.profileinstaller.action.SAVE_PROFILE" />
89-->[androidx.profileinstaller:profileinstaller:1.4.0] AndroidManifest.xml:47:17-88
89-->[androidx.profileinstaller:profileinstaller:1.4.0] AndroidManifest.xml:47:25-85
90            </intent-filter>
91            <intent-filter>
91-->[androidx.profileinstaller:profileinstaller:1.4.0] AndroidManifest.xml:49:13-51:29
92                <action android:name="androidx.profileinstaller.action.BENCHMARK_OPERATION" />
92-->[androidx.profileinstaller:profileinstaller:1.4.0] AndroidManifest.xml:50:17-95
92-->[androidx.profileinstaller:profileinstaller:1.4.0] AndroidManifest.xml:50:25-92
93            </intent-filter>
94        </receiver>
95    </application>
96
97</manifest>